<?xml version="1.0" encoding="UTF-8"?>
<!-- Generated by org.testng.reporters.JUnitXMLReporter -->
<testsuite ignored="0" hostname="Laptop" failures="0" tests="4" name="Default test" time="54.938" errors="0" timestamp="2025-04-12T00:35:03 IST">
  <testcase classname="testCases.LoginTest" name="loginTest" time="14.725"/>
  <testcase classname="testCases.LoginTest" name="loginTest" time="5.086"/>
  <testcase classname="testCases.LoginTest" name="loginTest" time="13.899"/>
  <testcase classname="testCases.LoginTest" name="loginTest" time="14.627"/>
</testsuite> <!-- Default test -->
