<?xml version="1.0" encoding="UTF-8"?>
<!-- Generated by org.testng.reporters.JUnitXMLReporter -->
<testsuite ignored="0" hostname="Laptop" failures="0" tests="5" name="chrometest" time="60.636" errors="0" timestamp="2025-04-12T01:56:17 IST">
  <testcase classname="testCases.LoginTest" name="loginTest" time="14.959"/>
  <testcase classname="testCases.LoginTest" name="loginTest" time="2.082"/>
  <testcase classname="testCases.LoginTest" name="loginTest" time="10.782"/>
  <testcase classname="testCases.LoginTest" name="loginTest" time="10.792"/>
  <testcase classname="testCases.JavascriptAlertTest" name="alertTest" time="3.669"/>
</testsuite> <!-- chrometest -->
