<?xml version="1.0" encoding="UTF-8"?>
<!-- Generated by org.testng.reporters.JUnitXMLReporter -->
<testsuite ignored="0" hostname="Laptop" failures="1" tests="4" name="Test1" time="206.634" errors="0" timestamp="2025-04-12T01:23:34 IST">
  <testcase classname="testCases.LoginTest" name="loginTest" time="193.89"/>
  <testcase classname="testCases.LoginTest" name="loginTest" time="4.652">
    <failure type="java.lang.AssertionError" message="expected [true] but found [false]">
      <![CDATA[java.lang.AssertionError: expected [true] but found [false]
at testCases.LoginTest.loginTest(LoginTest.java:30)
at java.base/java.util.ArrayList.forEach(ArrayList.java:1511)
at java.base/java.util.concurrent.FutureTask.run(FutureTask.java:264)
at java.base/java.util.concurrent.ThreadPoolExecutor.runWorker(ThreadPoolExecutor.java:1136)
at java.base/java.util.concurrent.ThreadPoolExecutor$Worker.run(ThreadPoolExecutor.java:635)
at java.base/java.lang.Thread.run(Thread.java:842)
... Removed 21 stack frames]]>
    </failure>
  </testcase> <!-- loginTest -->
  <testcase classname="testCases.LoginTest" name="loginTest" time="1.029"/>
  <testcase classname="testCases.LoginTest" name="loginTest" time="1.094"/>
</testsuite> <!-- Test1 -->
