<?xml version="1.0" encoding="UTF-8"?>
<!-- Generated by org.testng.reporters.JUnitXMLReporter -->
<testsuite ignored="0" hostname="Laptop" failures="0" tests="5" name="Test" time="44.098" errors="0" timestamp="2025-04-12T01:42:03 IST">
  <testcase classname="testCases.LoginTest" name="loginTest" time="14.019"/>
  <testcase classname="testCases.LoginTest" name="loginTest" time="1.757"/>
  <testcase classname="testCases.LoginTest" name="loginTest" time="10.467"/>
  <testcase classname="testCases.LoginTest" name="loginTest" time="10.524"/>
  <testcase classname="testCases.JavascriptAlertTest" name="alertTest" time="3.442"/>
</testsuite> <!-- Test -->
