<?xml version="1.0" encoding="UTF-8"?>
<testng-results ignored="0" total="5" passed="5" failed="0" skipped="0">
  <reporter-output>
  </reporter-output>
  <suite started-at="2025-04-12T01:55:16 IST" name="Suite" finished-at="2025-04-12T01:56:16 IST" duration-ms="60636">
    <groups>
    </groups>
    <test started-at="2025-04-12T01:55:16 IST" name="chrometest" finished-at="2025-04-12T01:56:16 IST" duration-ms="60636">
      <class name="testCases.JavascriptAlertTest">
        <test-method is-config="true" signature="setUp(java.lang.String,java.lang.String,java.lang.String)[pri:0, instance:testCases.JavascriptAlertTest@3569fc08]" started-at="2025-04-12T01:56:06 IST" name="setUp" finished-at="2025-04-12T01:56:13 IST" duration-ms="6786" status="PASS">
          <params>
            <param index="0">
              <value>
                <![CDATA[windows]]>
              </value>
            </param>
            <param index="1">
              <value>
                <![CDATA[chrome]]>
              </value>
            </param>
            <param index="2">
              <value>
                <![CDATA[latest]]>
              </value>
            </param>
          </params>
          <reporter-output>
          </reporter-output>
        </test-method> <!-- setUp -->
        <test-method signature="alertTest()[pri:0, instance:testCases.JavascriptAlertTest@3569fc08]" started-at="2025-04-12T01:56:13 IST" name="alertTest" finished-at="2025-04-12T01:56:16 IST" duration-ms="3669" status="PASS">
          <reporter-output>
          </reporter-output>
        </test-method> <!-- alertTest -->
        <test-method is-config="true" signature="tearDown()[pri:0, instance:testCases.JavascriptAlertTest@3569fc08]" started-at="2025-04-12T01:56:16 IST" name="tearDown" finished-at="2025-04-12T01:56:16 IST" duration-ms="196" status="PASS">
          <reporter-output>
          </reporter-output>
        </test-method> <!-- tearDown -->
      </class> <!-- testCases.JavascriptAlertTest -->
      <class name="testCases.LoginTest">
        <test-method is-config="true" signature="setUp(java.lang.String,java.lang.String,java.lang.String)[pri:0, instance:testCases.LoginTest@544820b7]" started-at="2025-04-12T01:55:16 IST" name="setUp" finished-at="2025-04-12T01:55:26 IST" duration-ms="10468" status="PASS">
          <params>
            <param index="0">
              <value>
                <![CDATA[windows]]>
              </value>
            </param>
            <param index="1">
              <value>
                <![CDATA[chrome]]>
              </value>
            </param>
            <param index="2">
              <value>
                <![CDATA[latest]]>
              </value>
            </param>
          </params>
          <reporter-output>
          </reporter-output>
        </test-method> <!-- setUp -->
        <test-method signature="loginTest(java.lang.String,java.lang.String,java.lang.String)[pri:0, instance:testCases.LoginTest@544820b7]" started-at="2025-04-12T01:55:27 IST" name="loginTest" data-provider="LoginData" finished-at="2025-04-12T01:55:42 IST" duration-ms="14959" status="PASS">
          <params>
            <param index="0">
              <value>
                <![CDATA[jhon]]>
              </value>
            </param>
            <param index="1">
              <value>
                <![CDATA[password]]>
              </value>
            </param>
            <param index="2">
              <value>
                <![CDATA[invalid]]>
              </value>
            </param>
          </params>
          <reporter-output>
          </reporter-output>
        </test-method> <!-- loginTest -->
        <test-method signature="loginTest(java.lang.String,java.lang.String,java.lang.String)[pri:0, instance:testCases.LoginTest@544820b7]" started-at="2025-04-12T01:55:42 IST" name="loginTest" data-provider="LoginData" finished-at="2025-04-12T01:55:44 IST" duration-ms="2082" status="PASS">
          <params>
            <param index="0">
              <value>
                <![CDATA[tomsmith]]>
              </value>
            </param>
            <param index="1">
              <value>
                <![CDATA[SuperSecretPassword!]]>
              </value>
            </param>
            <param index="2">
              <value>
                <![CDATA[valid]]>
              </value>
            </param>
          </params>
          <reporter-output>
          </reporter-output>
        </test-method> <!-- loginTest -->
        <test-method signature="loginTest(java.lang.String,java.lang.String,java.lang.String)[pri:0, instance:testCases.LoginTest@544820b7]" started-at="2025-04-12T01:55:44 IST" name="loginTest" data-provider="LoginData" finished-at="2025-04-12T01:55:55 IST" duration-ms="10782" status="PASS">
          <params>
            <param index="0">
              <value>
                <![CDATA[smith]]>
              </value>
            </param>
            <param index="1">
              <value>
                <![CDATA[secret]]>
              </value>
            </param>
            <param index="2">
              <value>
                <![CDATA[invalid]]>
              </value>
            </param>
          </params>
          <reporter-output>
          </reporter-output>
        </test-method> <!-- loginTest -->
        <test-method signature="loginTest(java.lang.String,java.lang.String,java.lang.String)[pri:0, instance:testCases.LoginTest@544820b7]" started-at="2025-04-12T01:55:55 IST" name="loginTest" data-provider="LoginData" finished-at="2025-04-12T01:56:06 IST" duration-ms="10792" status="PASS">
          <params>
            <param index="0">
              <value>
                <![CDATA[tom]]>
              </value>
            </param>
            <param index="1">
              <value>
                <![CDATA[Super]]>
              </value>
            </param>
            <param index="2">
              <value>
                <![CDATA[invalid]]>
              </value>
            </param>
          </params>
          <reporter-output>
          </reporter-output>
        </test-method> <!-- loginTest -->
        <test-method is-config="true" signature="tearDown()[pri:0, instance:testCases.LoginTest@544820b7]" started-at="2025-04-12T01:56:06 IST" name="tearDown" finished-at="2025-04-12T01:56:06 IST" duration-ms="115" status="PASS">
          <reporter-output>
          </reporter-output>
        </test-method> <!-- tearDown -->
      </class> <!-- testCases.LoginTest -->
    </test> <!-- chrometest -->
  </suite> <!-- Suite -->
</testng-results>
